<?xml version="1.0" encoding="UTF-8"?>
<!-- Generated by org.testng.reporters.JUnitReportReporter -->
<testsuite hostname="DESKTOP-T6L47BI" failures="0" tests="1" name="A.whileLoop" time="0.006" errors="0" timestamp="2024-11-05T12:01:59 IST" skipped="0">
  <testcase classname="A.whileLoop" name="m2" time="0.006"/>
</testsuite> <!-- A.whileLoop -->
