<?xml version="1.0" encoding="UTF-8"?>
<!-- Generated by org.testng.reporters.JUnitReportReporter -->
<testsuite hostname="DESKTOP-T6L47BI" failures="0" tests="1" name="A.IfElse" time="0.007" errors="0" timestamp="2024-11-05T11:27:00 IST" skipped="0">
  <testcase classname="A.IfElse" name="m1" time="0.007"/>
</testsuite> <!-- A.IfElse -->
